/cygdrive/d/Dati/Profili/f602250/Documents/Amministrazione/            - /mnt/LN1TB_A/Papusso/BdI/Documents/Amministrazione/
/cygdrive/d/Dati/Profili/f602250/Documents/Configurazioni/             - /mnt/LN1TB_A/Papusso/BdI/Documents/Configurazioni/
/cygdrive/d/Dati/Profili/f602250/Documents/DOC_Prodotti/               - /mnt/LN1TB_A/Papusso/BdI/Documents/DOC_Prodotti/
/cygdrive/d/Dati/Profili/f602250/Documents/File di Outlook/            - /mnt/LN1TB_A/Papusso/BdI/Documents/File di Outlook/
/cygdrive/d/Dati/Profili/f602250/Documents/Office/                     - /mnt/LN1TB_A/Papusso/BdI/Documents/Office/
/cygdrive/d/Dati/Profili/f602250/Documents/Progetti-Domestici/         - /mnt/LN1TB_A/Papusso/BdI/Documents/Progetti-Domestici/
/cygdrive/d/Dati/Profili/f602250/Documents/Progetti-T2/                - /mnt/LN1TB_A/Papusso/BdI/Documents/Progetti-T2/
/cygdrive/d/Dati/Profili/f602250/Documents/Progetti-Vari/              - /mnt/LN1TB_A/Papusso/BdI/Documents/Progetti-Vari/
/cygdrive/d/Dati/Profili/f602250/Contacts/                             - /mnt/LN1TB_A/Papusso/BdI/Contacts/
/cygdrive/d/Dati/Profili/f602250/Favorites/                            - /mnt/LN1TB_A/Papusso/BdI/Favorites/
/cygdrive/d/Dati/Profili/f602250/Desktop/                              - /mnt/LN1TB_A/Papusso/BdI/Desktop/
/cygdrive/d/Dati/Profili/f602250/Documents/                            - /mnt/LN1TB_A/Papusso/BdI/Documents/

/cygdrive/j/LnFree/Audio/                                              - /mnt/LN1TB_A/Papusso/LnDisk/LnFree/Audio/
/cygdrive/j/LnFree/Pgm/Arduino-1.0.6/                                  - /mnt/LN1TB_A/Papusso/LnDisk/LnFree/Pgm/Arduino-1.0.6/
/cygdrive/j/LnFree/Pgm/CodeBlocks-Ln/                                  - /mnt/LN1TB_A/Papusso/LnDisk/LnFree/Pgm/CodeBlocks-Ln/
/cygdrive/j/LnFree/Pgm/Eclipse/                                        - /mnt/LN1TB_A/Papusso/LnDisk/LnFree/Pgm/Eclipse/
/cygdrive/j/LnFree/Pgm/GIT/                                            - /mnt/LN1TB_A/Papusso/LnDisk/LnFree/Pgm/GIT/
/cygdrive/j/LnFree/Pgm/Java/                                           - /mnt/LN1TB_A/Papusso/LnDisk/LnFree/Pgm/Java/
/cygdrive/j/LnFree/Pgm/Jython/                                         - /mnt/LN1TB_A/Papusso/LnDisk/LnFree/Pgm/Jython/
/cygdrive/j/LnFree/Pgm/MinGW/                                          - /mnt/LN1TB_A/Papusso/LnDisk/LnFree/Pgm/MinGW/
/cygdrive/j/LnFree/Pgm/mingw32/                                        - /mnt/LN1TB_A/Papusso/LnDisk/LnFree/Pgm/mingw32/
/cygdrive/j/LnFree/Pgm/PortablePython_2.7.3.1/                         - /mnt/LN1TB_A/Papusso/LnDisk/LnFree/Pgm/PortablePython_2.7.3.1/
/cygdrive/j/LnFree/Pgm/Py2_ExtraPackages/                              - /mnt/LN1TB_A/Papusso/LnDisk/LnFree/Pgm/Py2_ExtraPackages/
/cygdrive/j/LnFree/Pgm/Py3_ExtraPackages/                              - /mnt/LN1TB_A/Papusso/LnDisk/LnFree/Pgm/Py3_ExtraPackages/
/cygdrive/j/LnFree/Pgm/PyCharm/                                        - /mnt/LN1TB_A/Papusso/LnDisk/LnFree/Pgm/PyCharm/
/cygdrive/j/LnFree/Pgm/Wing IDE 5.1.9/                                 - /mnt/LN1TB_A/Papusso/LnDisk/LnFree/Pgm/Wing IDE 5.1.9/
/cygdrive/j/LnFree/Pgm/WinPython-64bit-3.3.5.0/                        - /mnt/LN1TB_A/Papusso/LnDisk/LnFree/Pgm/WinPython-64bit-3.3.5.0/
/cygdrive/j/LnFree/Pgm/WinPython-64bit-3.4.3.7/                        - /mnt/LN1TB_A/Papusso/LnDisk/LnFree/Pgm/WinPython-64bit-3.4.3.7/

/cygdrive/j/LnFree/CAD/                                                - /mnt/LN1TB_A/Papusso/LnDisk/LnFree/CAD/
/cygdrive/j/LnFree/cygwin64/                                           - /mnt/LN1TB_A/Papusso/LnDisk/LnFree/cygwin64/
/cygdrive/j/LnFree/cygwin64_Packages/                                  - /mnt/LN1TB_A/Papusso/LnDisk/LnFree/cygwin64_Packages/
/cygdrive/j/LnFree/Desktop/                                            - /mnt/LN1TB_A/Papusso/LnDisk/LnFree/Desktop/
/cygdrive/j/LnFree/Disk/                                               - /mnt/LN1TB_A/Papusso/LnDisk/LnFree/Disk/
/cygdrive/j/LnFree/Drivers/                                            - /mnt/LN1TB_A/Papusso/LnDisk/LnFree/Drivers/
/cygdrive/j/LnFree/Editors/                                            - /mnt/LN1TB_A/Papusso/LnDisk/LnFree/Editors/
/cygdrive/j/LnFree/Files/                                              - /mnt/LN1TB_A/Papusso/LnDisk/LnFree/Files/
/cygdrive/j/LnFree/Graphics/                                           - /mnt/LN1TB_A/Papusso/LnDisk/LnFree/Graphics/
/cygdrive/j/LnFree/IM-Chat/                                            - /mnt/LN1TB_A/Papusso/LnDisk/LnFree/IM-Chat/
/cygdrive/j/LnFree/LNTools/                                            - /mnt/LN1TB_A/Papusso/LnDisk/LnFree/LNTools/
/cygdrive/j/LnFree/MMedia/                                             - /mnt/LN1TB_A/Papusso/LnDisk/LnFree/MMedia/
/cygdrive/j/LnFree/Network/                                            - /mnt/LN1TB_A/Papusso/LnDisk/LnFree/Network/
/cygdrive/j/LnFree/Organizer/                                          - /mnt/LN1TB_A/Papusso/LnDisk/LnFree/Organizer/
/cygdrive/j/LnFree/Security/                                           - /mnt/LN1TB_A/Papusso/LnDisk/LnFree/Security/
/cygdrive/j/LnFree/SerialMonitor/                                      - /mnt/LN1TB_A/Papusso/LnDisk/LnFree/SerialMonitor/
/cygdrive/j/LnFree/Suite-NirSoft/                                      - /mnt/LN1TB_A/Papusso/LnDisk/LnFree/Suite-NirSoft/
/cygdrive/j/LnFree/Suite-Sysinternals/                                 - /mnt/LN1TB_A/Papusso/LnDisk/LnFree/Suite-Sysinternals/
/cygdrive/j/LnFree/SynchBackup/                                        - /mnt/LN1TB_A/Papusso/LnDisk/LnFree/SynchBackup/
/cygdrive/j/LnFree/System/                                             - /mnt/LN1TB_A/Papusso/LnDisk/LnFree/System/
/cygdrive/j/LnFree/UnixUtils/                                          - /mnt/LN1TB_A/Papusso/LnDisk/LnFree/UnixUtils/
/cygdrive/j/LnFree/Win-Bash/                                           - /mnt/LN1TB_A/Papusso/LnDisk/LnFree/Win-Bash/
/cygdrive/j/LnFree/_LnPortable/                                        - /mnt/LN1TB_A/Papusso/LnDisk/LnFree/_LnPortable/
/cygdrive/j/LnFree/_Tools/                                             - /mnt/LN1TB_A/Papusso/LnDisk/LnFree/_Tools/
/cygdrive/j/LnFree/Pgm/Wing_IDE_5.1.9/                                 - /mnt/LN1TB_A/Papusso/LnDisk/LnFree/Pgm/Wing_IDE_5.1.9/
/cygdrive/j/LnFree/Pgm/WinPython-64bit-3.4.4.1/                        - /mnt/LN1TB_A/Papusso/LnDisk/LnFree/Pgm/WinPython-64bit-3.4.4.1/
/cygdrive/j/GIT-REPO/                                                  - /mnt/LN1TB_A/Papusso/LnDisk/GIT-REPO/
/cygdrive/j/LnFree/                                                    - /mnt/LN1TB_A/Papusso/LnDisk/LnFree/
/cygdrive/j/LnSite/                                                    - /mnt/LN1TB_A/Papusso/LnDisk/LnSite/
/cygdrive/j/Loreto/                                                    - /mnt/LN1TB_A/Papusso/LnDisk/Loreto/
/cygdrive/j/PortableApps/                                              - /mnt/LN1TB_A/Papusso/LnDisk/PortableApps/


/cygdrive/d/LnFolder/MyData/MP3/@Catalogo/                             - /mnt/LN1TB_A/Papusso/MyData/MP3/@Catalogo/
/cygdrive/d/LnFolder/MyData/MP3/@MusicForCellulars/                    - /mnt/LN1TB_A/Papusso/MyData/MP3/@MusicForCellulars/
/cygdrive/d/LnFolder/MyData/MP3/@MusicForSlides/                       - /mnt/LN1TB_A/Papusso/MyData/MP3/@MusicForSlides/
/cygdrive/d/LnFolder/MyData/MP3/Bambini/                               - /mnt/LN1TB_A/Papusso/MyData/MP3/Bambini/
/cygdrive/d/LnFolder/MyData/MP3/Chitarra/                              - /mnt/LN1TB_A/Papusso/MyData/MP3/Chitarra/
/cygdrive/d/LnFolder/MyData/MP3/Classica/                              - /mnt/LN1TB_A/Papusso/MyData/MP3/Classica/
/cygdrive/d/LnFolder/MyData/MP3/Country/                               - /mnt/LN1TB_A/Papusso/MyData/MP3/Country/
/cygdrive/d/LnFolder/MyData/MP3/Elena/                                 - /mnt/LN1TB_A/Papusso/MyData/MP3/Elena/
/cygdrive/d/LnFolder/MyData/MP3/Italiani/                              - /mnt/LN1TB_A/Papusso/MyData/MP3/Italiani/
/cygdrive/d/LnFolder/MyData/MP3/Natale/                                - /mnt/LN1TB_A/Papusso/MyData/MP3/Natale/
/cygdrive/d/LnFolder/MyData/MP3/Popolari/                              - /mnt/LN1TB_A/Papusso/MyData/MP3/Popolari/
/cygdrive/d/LnFolder/MyData/MP3/Prova/                                 - /mnt/LN1TB_A/Papusso/MyData/MP3/Prova/
/cygdrive/d/LnFolder/MyData/MP3/RAI/                                   - /mnt/LN1TB_A/Papusso/MyData/MP3/RAI/
/cygdrive/d/LnFolder/MyData/MP3/Stranieri/                             - /mnt/LN1TB_A/Papusso/MyData/MP3/Stranieri/
/cygdrive/d/LnFolder/MyData/MP3/Themes/                                - /mnt/LN1TB_A/Papusso/MyData/MP3/Themes/
/cygdrive/d/LnFolder/MyData/MP3/_New/                                  - /mnt/LN1TB_A/Papusso/MyData/MP3/_New/
/cygdrive/d/LnFolder/MyData/MP3/__MarcoL/                              - /mnt/LN1TB_A/Papusso/MyData/MP3/__MarcoL/
/cygdrive/d/LnFolder/MyData/Ln-eBooks/LoretoLibray/                    - /mnt/LN1TB_A/Papusso/MyData/Ln-eBooks/LoretoLibray/
/cygdrive/d/LnFolder/MyData/Ln-eBooks/Parole Italiane/                 - /mnt/LN1TB_A/Papusso/MyData/Ln-eBooks/Parole Italiane/
/cygdrive/d/LnFolder/MyData/Ln-eBooks/Software/                        - /mnt/LN1TB_A/Papusso/MyData/Ln-eBooks/Software/
/cygdrive/d/LnFolder/MyData/Ln-eBooks/Tom Clancy/                      - /mnt/LN1TB_A/Papusso/MyData/Ln-eBooks/Tom Clancy/
/cygdrive/d/LnFolder/MyData/Ln-eBooks/_ToBeCataloged/                  - /mnt/LN1TB_A/Papusso/MyData/Ln-eBooks/_ToBeCataloged/
/cygdrive/d/LnFolder/MyData/Ln-eBooks/_work/                           - /mnt/LN1TB_A/Papusso/MyData/Ln-eBooks/_work/
/cygdrive/d/LnFolder/MyData/Ln-eBooks/                                 - /mnt/LN1TB_A/Papusso/MyData/Ln-eBooks/
/cygdrive/d/LnFolder/MyData/MP3/                                       - /mnt/LN1TB_A/Papusso/MyData/MP3/
/cygdrive/d/LnFolder/MyData/OS-Drivers/                                - /mnt/LN1TB_A/Papusso/MyData/OS-Drivers/
/cygdrive/d/LnFolder/MyData/OS-SystemTools/                            - /mnt/LN1TB_A/Papusso/MyData/OS-SystemTools/
/cygdrive/d/LnFolder/MyData/Photos/                                    - /mnt/LN1TB_A/Papusso/MyData/Photos/
/cygdrive/d/LnFolder/MyData/PhotosDVD/                                 - /mnt/LN1TB_A/Papusso/MyData/PhotosDVD/
/cygdrive/d/LnFolder/MyData/Spartiti/                                  - /mnt/LN1TB_A/Papusso/MyData/Spartiti/
/cygdrive/d/LnFolder/MyOtherData/Audio-Libri/                          - /mnt/LN1TB_A/Papusso/MyOtherData/Audio-Libri/
/cygdrive/d/LnFolder/MyOtherData/ISO/                                  - /mnt/LN1TB_A/Papusso/MyOtherData/ISO/
/cygdrive/d/LnFolder/MyOtherData/LnFreeOther/                          - /mnt/LN1TB_A/Papusso/MyOtherData/LnFreeOther/
/cygdrive/d/LnFolder/MyOtherData/OS-Images/                            - /mnt/LN1TB_A/Papusso/MyOtherData/OS-Images/
